[2022-11-27 12:44:49] local.ERROR: View path not found. {"exception":"[object] (RuntimeException(code: 0): View path not found. at /home/rhema_sam_dev_sesur/fab-app-v2/fab-app/vendor/laravel/framework/src/Illuminate/Foundation/Console/ViewClearCommand.php:70)
[stacktrace]
#0 /home/rhema_sam_dev_sesur/fab-app-v2/fab-app/vendor/laravel/framework/src/Illuminate/Container/BoundMethod.php(36): Illuminate\\Foundation\\Console\\ViewClearCommand->handle()
#1 /home/rhema_sam_dev_sesur/fab-app-v2/fab-app/vendor/laravel/framework/src/Illuminate/Container/Util.php(41): Illuminate\\Container\\BoundMethod::Illuminate\\Container\\{closure}()
#2 /home/rhema_sam_dev_sesur/fab-app-v2/fab-app/vendor/laravel/framework/src/Illuminate/Container/BoundMethod.php(93): Illuminate\\Container\\Util::unwrapIfClosure()
#3 /home/rhema_sam_dev_sesur/fab-app-v2/fab-app/vendor/laravel/framework/src/Illuminate/Container/BoundMethod.php(37): Illuminate\\Container\\BoundMethod::callBoundMethod()
#4 /home/rhema_sam_dev_sesur/fab-app-v2/fab-app/vendor/laravel/framework/src/Illuminate/Container/Container.php(651): Illuminate\\Container\\BoundMethod::call()
#5 /home/rhema_sam_dev_sesur/fab-app-v2/fab-app/vendor/laravel/framework/src/Illuminate/Console/Command.php(136): Illuminate\\Container\\Container->call()
#6 /home/rhema_sam_dev_sesur/fab-app-v2/fab-app/vendor/symfony/console/Command/Command.php(308): Illuminate\\Console\\Command->execute()
#7 /home/rhema_sam_dev_sesur/fab-app-v2/fab-app/vendor/laravel/framework/src/Illuminate/Console/Command.php(121): Symfony\\Component\\Console\\Command\\Command->run()
#8 /home/rhema_sam_dev_sesur/fab-app-v2/fab-app/vendor/laravel/framework/src/Illuminate/Console/Concerns/CallsCommands.php(68): Illuminate\\Console\\Command->run()
#9 /home/rhema_sam_dev_sesur/fab-app-v2/fab-app/vendor/laravel/framework/src/Illuminate/Console/Concerns/CallsCommands.php(28): Illuminate\\Console\\Command->runCommand()
#10 /home/rhema_sam_dev_sesur/fab-app-v2/fab-app/vendor/laravel/framework/src/Illuminate/Foundation/Console/OptimizeClearCommand.php(44): Illuminate\\Console\\Command->call()
#11 /home/rhema_sam_dev_sesur/fab-app-v2/fab-app/vendor/laravel/framework/src/Illuminate/Container/BoundMethod.php(36): Illuminate\\Foundation\\Console\\OptimizeClearCommand->handle()
#12 /home/rhema_sam_dev_sesur/fab-app-v2/fab-app/vendor/laravel/framework/src/Illuminate/Container/Util.php(41): Illuminate\\Container\\BoundMethod::Illuminate\\Container\\{closure}()
#13 /home/rhema_sam_dev_sesur/fab-app-v2/fab-app/vendor/laravel/framework/src/Illuminate/Container/BoundMethod.php(93): Illuminate\\Container\\Util::unwrapIfClosure()
#14 /home/rhema_sam_dev_sesur/fab-app-v2/fab-app/vendor/laravel/framework/src/Illuminate/Container/BoundMethod.php(37): Illuminate\\Container\\BoundMethod::callBoundMethod()
#15 /home/rhema_sam_dev_sesur/fab-app-v2/fab-app/vendor/laravel/framework/src/Illuminate/Container/Container.php(651): Illuminate\\Container\\BoundMethod::call()
#16 /home/rhema_sam_dev_sesur/fab-app-v2/fab-app/vendor/laravel/framework/src/Illuminate/Console/Command.php(136): Illuminate\\Container\\Container->call()
#17 /home/rhema_sam_dev_sesur/fab-app-v2/fab-app/vendor/symfony/console/Command/Command.php(308): Illuminate\\Console\\Command->execute()
#18 /home/rhema_sam_dev_sesur/fab-app-v2/fab-app/vendor/laravel/framework/src/Illuminate/Console/Command.php(121): Symfony\\Component\\Console\\Command\\Command->run()
#19 /home/rhema_sam_dev_sesur/fab-app-v2/fab-app/vendor/symfony/console/Application.php(998): Illuminate\\Console\\Command->run()
#20 /home/rhema_sam_dev_sesur/fab-app-v2/fab-app/vendor/symfony/console/Application.php(299): Symfony\\Component\\Console\\Application->doRunCommand()
#21 /home/rhema_sam_dev_sesur/fab-app-v2/fab-app/vendor/symfony/console/Application.php(171): Symfony\\Component\\Console\\Application->doRun()
#22 /home/rhema_sam_dev_sesur/fab-app-v2/fab-app/vendor/laravel/framework/src/Illuminate/Console/Application.php(102): Symfony\\Component\\Console\\Application->run()
#23 /home/rhema_sam_dev_sesur/fab-app-v2/fab-app/vendor/laravel/framework/src/Illuminate/Foundation/Console/Kernel.php(129): Illuminate\\Console\\Application->run()
#24 /home/rhema_sam_dev_sesur/fab-app-v2/fab-app/artisan(37): Illuminate\\Foundation\\Console\\Kernel->handle()
#25 {main}
"} 
[2022-11-27 12:46:19] local.ERROR: View path not found. {"exception":"[object] (RuntimeException(code: 0): View path not found. at /home/rhema_sam_dev_sesur/fab-app-v2/fab-app/vendor/laravel/framework/src/Illuminate/Foundation/Console/ViewClearCommand.php:70)
[stacktrace]
#0 /home/rhema_sam_dev_sesur/fab-app-v2/fab-app/vendor/laravel/framework/src/Illuminate/Container/BoundMethod.php(36): Illuminate\\Foundation\\Console\\ViewClearCommand->handle()
#1 /home/rhema_sam_dev_sesur/fab-app-v2/fab-app/vendor/laravel/framework/src/Illuminate/Container/Util.php(41): Illuminate\\Container\\BoundMethod::Illuminate\\Container\\{closure}()
#2 /home/rhema_sam_dev_sesur/fab-app-v2/fab-app/vendor/laravel/framework/src/Illuminate/Container/BoundMethod.php(93): Illuminate\\Container\\Util::unwrapIfClosure()
#3 /home/rhema_sam_dev_sesur/fab-app-v2/fab-app/vendor/laravel/framework/src/Illuminate/Container/BoundMethod.php(37): Illuminate\\Container\\BoundMethod::callBoundMethod()
#4 /home/rhema_sam_dev_sesur/fab-app-v2/fab-app/vendor/laravel/framework/src/Illuminate/Container/Container.php(651): Illuminate\\Container\\BoundMethod::call()
#5 /home/rhema_sam_dev_sesur/fab-app-v2/fab-app/vendor/laravel/framework/src/Illuminate/Console/Command.php(136): Illuminate\\Container\\Container->call()
#6 /home/rhema_sam_dev_sesur/fab-app-v2/fab-app/vendor/symfony/console/Command/Command.php(308): Illuminate\\Console\\Command->execute()
#7 /home/rhema_sam_dev_sesur/fab-app-v2/fab-app/vendor/laravel/framework/src/Illuminate/Console/Command.php(121): Symfony\\Component\\Console\\Command\\Command->run()
#8 /home/rhema_sam_dev_sesur/fab-app-v2/fab-app/vendor/laravel/framework/src/Illuminate/Console/Concerns/CallsCommands.php(68): Illuminate\\Console\\Command->run()
#9 /home/rhema_sam_dev_sesur/fab-app-v2/fab-app/vendor/laravel/framework/src/Illuminate/Console/Concerns/CallsCommands.php(28): Illuminate\\Console\\Command->runCommand()
#10 /home/rhema_sam_dev_sesur/fab-app-v2/fab-app/vendor/laravel/framework/src/Illuminate/Foundation/Console/OptimizeClearCommand.php(44): Illuminate\\Console\\Command->call()
#11 /home/rhema_sam_dev_sesur/fab-app-v2/fab-app/vendor/laravel/framework/src/Illuminate/Container/BoundMethod.php(36): Illuminate\\Foundation\\Console\\OptimizeClearCommand->handle()
#12 /home/rhema_sam_dev_sesur/fab-app-v2/fab-app/vendor/laravel/framework/src/Illuminate/Container/Util.php(41): Illuminate\\Container\\BoundMethod::Illuminate\\Container\\{closure}()
#13 /home/rhema_sam_dev_sesur/fab-app-v2/fab-app/vendor/laravel/framework/src/Illuminate/Container/BoundMethod.php(93): Illuminate\\Container\\Util::unwrapIfClosure()
#14 /home/rhema_sam_dev_sesur/fab-app-v2/fab-app/vendor/laravel/framework/src/Illuminate/Container/BoundMethod.php(37): Illuminate\\Container\\BoundMethod::callBoundMethod()
#15 /home/rhema_sam_dev_sesur/fab-app-v2/fab-app/vendor/laravel/framework/src/Illuminate/Container/Container.php(651): Illuminate\\Container\\BoundMethod::call()
#16 /home/rhema_sam_dev_sesur/fab-app-v2/fab-app/vendor/laravel/framework/src/Illuminate/Console/Command.php(136): Illuminate\\Container\\Container->call()
#17 /home/rhema_sam_dev_sesur/fab-app-v2/fab-app/vendor/symfony/console/Command/Command.php(308): Illuminate\\Console\\Command->execute()
#18 /home/rhema_sam_dev_sesur/fab-app-v2/fab-app/vendor/laravel/framework/src/Illuminate/Console/Command.php(121): Symfony\\Component\\Console\\Command\\Command->run()
#19 /home/rhema_sam_dev_sesur/fab-app-v2/fab-app/vendor/symfony/console/Application.php(998): Illuminate\\Console\\Command->run()
#20 /home/rhema_sam_dev_sesur/fab-app-v2/fab-app/vendor/symfony/console/Application.php(299): Symfony\\Component\\Console\\Application->doRunCommand()
#21 /home/rhema_sam_dev_sesur/fab-app-v2/fab-app/vendor/symfony/console/Application.php(171): Symfony\\Component\\Console\\Application->doRun()
#22 /home/rhema_sam_dev_sesur/fab-app-v2/fab-app/vendor/laravel/framework/src/Illuminate/Console/Application.php(102): Symfony\\Component\\Console\\Application->run()
#23 /home/rhema_sam_dev_sesur/fab-app-v2/fab-app/vendor/laravel/framework/src/Illuminate/Foundation/Console/Kernel.php(129): Illuminate\\Console\\Application->run()
#24 /home/rhema_sam_dev_sesur/fab-app-v2/fab-app/artisan(37): Illuminate\\Foundation\\Console\\Kernel->handle()
#25 {main}
"} 
